17:11:48 - C:\Users\24694\AppData\Local\Programs\Python\Python310\lib\site-packages\selenium\webdriver\remote\remote_connection.py[line:358] - DEBUG: POST http://localhost:3575/session {"capabilities": {"firstMatch": [{}], "alwaysMatch": {"browserName": "chrome", "pageLoadStrategy": "normal", "goog:chromeOptions": {"extensions": [], "args": []}}}}
17:11:48 - C:\Users\24694\AppData\Local\Programs\Python\Python310\lib\site-packages\urllib3\connectionpool.py[line:228] - DEBUG: Starting new HTTP connection (1): localhost:3575
17:11:48 - C:\Users\24694\AppData\Local\Programs\Python\Python310\lib\site-packages\urllib3\connectionpool.py[line:456] - DEBUG: http://localhost:3575 "POST /session HTTP/1.1" 200 788
17:11:48 - C:\Users\24694\AppData\Local\Programs\Python\Python310\lib\site-packages\selenium\webdriver\remote\remote_connection.py[line:380] - DEBUG: Remote response: status=200 | data={"value":{"capabilities":{"acceptInsecureCerts":false,"browserName":"chrome","browserVersion":"103.0.5060.114","chrome":{"chromedriverVersion":"102.0.5005.61 (0e59bcc00cc4985ce39ad31c150065f159d95ad3-refs/branch-heads/5005@{#819})","userDataDir":"C:\\Users\\24694\\AppData\\Local\\Temp\\scoped_dir3496_710224395"},"goog:chromeOptions":{"debuggerAddress":"localhost:3580"},"networkConnectionEnabled":false,"pageLoadStrategy":"normal","platformName":"windows","proxy":{},"setWindowRect":true,"strictFileInteractability":false,"timeouts":{"implicit":0,"pageLoad":300000,"script":30000},"unhandledPromptBehavior":"dismiss and notify","webauthn:extension:credBlob":true,"webauthn:extension:largeBlob":true,"webauthn:virtualAuthenticators":true},"sessionId":"cc8ab793853357cbc7594a6889f031c2"}} | headers=HTTPHeaderDict({'Content-Length': '788', 'Content-Type': 'application/json; charset=utf-8', 'cache-control': 'no-cache'})
17:11:48 - C:\Users\24694\AppData\Local\Programs\Python\Python310\lib\site-packages\selenium\webdriver\remote\remote_connection.py[line:409] - DEBUG: Finished Request
17:11:48 - C:\Users\24694\AppData\Local\Programs\Python\Python310\lib\site-packages\selenium\webdriver\remote\remote_connection.py[line:358] - DEBUG: POST http://localhost:3575/session/cc8ab793853357cbc7594a6889f031c2/timeouts {"implicit": 15000}
17:11:48 - C:\Users\24694\AppData\Local\Programs\Python\Python310\lib\site-packages\urllib3\connectionpool.py[line:456] - DEBUG: http://localhost:3575 "POST /session/cc8ab793853357cbc7594a6889f031c2/timeouts HTTP/1.1" 200 14
17:11:48 - C:\Users\24694\AppData\Local\Programs\Python\Python310\lib\site-packages\selenium\webdriver\remote\remote_connection.py[line:380] - DEBUG: Remote response: status=200 | data={"value":null} | headers=HTTPHeaderDict({'Content-Length': '14', 'Content-Type': 'application/json; charset=utf-8', 'cache-control': 'no-cache'})
17:11:48 - C:\Users\24694\AppData\Local\Programs\Python\Python310\lib\site-packages\selenium\webdriver\remote\remote_connection.py[line:409] - DEBUG: Finished Request
17:11:48 - C:\Users\24694\AppData\Local\Programs\Python\Python310\lib\site-packages\selenium\webdriver\remote\remote_connection.py[line:358] - DEBUG: POST http://localhost:3575/session/cc8ab793853357cbc7594a6889f031c2/window/rect {"x": 500, "y": 0, "width": null, "height": null}
17:11:49 - C:\Users\24694\AppData\Local\Programs\Python\Python310\lib\site-packages\urllib3\connectionpool.py[line:456] - DEBUG: http://localhost:3575 "POST /session/cc8ab793853357cbc7594a6889f031c2/window/rect HTTP/1.1" 200 51
17:11:49 - C:\Users\24694\AppData\Local\Programs\Python\Python310\lib\site-packages\selenium\webdriver\remote\remote_connection.py[line:380] - DEBUG: Remote response: status=200 | data={"value":{"height":799,"width":1052,"x":500,"y":0}} | headers=HTTPHeaderDict({'Content-Length': '51', 'Content-Type': 'application/json; charset=utf-8', 'cache-control': 'no-cache'})
17:11:49 - C:\Users\24694\AppData\Local\Programs\Python\Python310\lib\site-packages\selenium\webdriver\remote\remote_connection.py[line:409] - DEBUG: Finished Request
17:11:49 - C:\Users\24694\AppData\Local\Programs\Python\Python310\lib\site-packages\selenium\webdriver\remote\remote_connection.py[line:358] - DEBUG: POST http://localhost:3575/session/cc8ab793853357cbc7594a6889f031c2/url {"url": "https://opensea.io/assets/ethereum/0x495f947276749ce646f68ac8c248420045cb7b5e/60577518981592662729936491994831767198268555683308385638080151811416695767041"}
17:12:03 - C:\Users\24694\AppData\Local\Programs\Python\Python310\lib\site-packages\urllib3\connectionpool.py[line:456] - DEBUG: http://localhost:3575 "POST /session/cc8ab793853357cbc7594a6889f031c2/url HTTP/1.1" 200 14
17:12:03 - C:\Users\24694\AppData\Local\Programs\Python\Python310\lib\site-packages\selenium\webdriver\remote\remote_connection.py[line:380] - DEBUG: Remote response: status=200 | data={"value":null} | headers=HTTPHeaderDict({'Content-Length': '14', 'Content-Type': 'application/json; charset=utf-8', 'cache-control': 'no-cache'})
17:12:03 - C:\Users\24694\AppData\Local\Programs\Python\Python310\lib\site-packages\selenium\webdriver\remote\remote_connection.py[line:409] - DEBUG: Finished Request
17:12:03 - C:\Users\24694\AppData\Local\Programs\Python\Python310\lib\site-packages\selenium\webdriver\remote\remote_connection.py[line:358] - DEBUG: POST http://localhost:3575/session/cc8ab793853357cbc7594a6889f031c2/element {"using": "xpath", "value": "//div[@class=\"item--collection-toolbar-wrapper\"]/div[@class=\"sc-1xf18x6-0 sc-1twd32i-0 sc-1skvztv-1 haVRLx kKpYwv kgqWIT\"]/button[1]"}
17:12:03 - C:\Users\24694\AppData\Local\Programs\Python\Python310\lib\site-packages\urllib3\connectionpool.py[line:456] - DEBUG: http://localhost:3575 "POST /session/cc8ab793853357cbc7594a6889f031c2/element HTTP/1.1" 200 88
17:12:03 - C:\Users\24694\AppData\Local\Programs\Python\Python310\lib\site-packages\selenium\webdriver\remote\remote_connection.py[line:380] - DEBUG: Remote response: status=200 | data={"value":{"element-6066-11e4-a52e-4f735466cecf":"586c3389-77ea-42a0-ba17-94dfac52768c"}} | headers=HTTPHeaderDict({'Content-Length': '88', 'Content-Type': 'application/json; charset=utf-8', 'cache-control': 'no-cache'})
17:12:03 - C:\Users\24694\AppData\Local\Programs\Python\Python310\lib\site-packages\selenium\webdriver\remote\remote_connection.py[line:409] - DEBUG: Finished Request
17:12:03 - C:\Users\24694\AppData\Local\Programs\Python\Python310\lib\site-packages\selenium\webdriver\remote\remote_connection.py[line:358] - DEBUG: POST http://localhost:3575/session/cc8ab793853357cbc7594a6889f031c2/element/586c3389-77ea-42a0-ba17-94dfac52768c/click {"id": "586c3389-77ea-42a0-ba17-94dfac52768c"}
17:12:03 - C:\Users\24694\AppData\Local\Programs\Python\Python310\lib\site-packages\urllib3\connectionpool.py[line:456] - DEBUG: http://localhost:3575 "POST /session/cc8ab793853357cbc7594a6889f031c2/element/586c3389-77ea-42a0-ba17-94dfac52768c/click HTTP/1.1" 200 14
17:12:03 - C:\Users\24694\AppData\Local\Programs\Python\Python310\lib\site-packages\selenium\webdriver\remote\remote_connection.py[line:380] - DEBUG: Remote response: status=200 | data={"value":null} | headers=HTTPHeaderDict({'Content-Length': '14', 'Content-Type': 'application/json; charset=utf-8', 'cache-control': 'no-cache'})
17:12:03 - C:\Users\24694\AppData\Local\Programs\Python\Python310\lib\site-packages\selenium\webdriver\remote\remote_connection.py[line:409] - DEBUG: Finished Request
17:12:05 - C:\Users\24694\AppData\Local\Programs\Python\Python310\lib\site-packages\selenium\webdriver\remote\remote_connection.py[line:358] - DEBUG: POST http://localhost:3575/session/cc8ab793853357cbc7594a6889f031c2/element {"using": "xpath", "value": "//div[@class=\"sc-1xf18x6-0 sc-1twd32i-0 eAciso kKpYwv\"]/parent::div"}
17:12:05 - C:\Users\24694\AppData\Local\Programs\Python\Python310\lib\site-packages\urllib3\connectionpool.py[line:456] - DEBUG: http://localhost:3575 "POST /session/cc8ab793853357cbc7594a6889f031c2/element HTTP/1.1" 200 88
17:12:05 - C:\Users\24694\AppData\Local\Programs\Python\Python310\lib\site-packages\selenium\webdriver\remote\remote_connection.py[line:380] - DEBUG: Remote response: status=200 | data={"value":{"element-6066-11e4-a52e-4f735466cecf":"923dc49c-e7a6-4e76-9b92-a41798fb4b4f"}} | headers=HTTPHeaderDict({'Content-Length': '88', 'Content-Type': 'application/json; charset=utf-8', 'cache-control': 'no-cache'})
17:12:05 - C:\Users\24694\AppData\Local\Programs\Python\Python310\lib\site-packages\selenium\webdriver\remote\remote_connection.py[line:409] - DEBUG: Finished Request
17:12:05 - C:\Users\24694\AppData\Local\Programs\Python\Python310\lib\site-packages\selenium\webdriver\remote\remote_connection.py[line:358] - DEBUG: POST http://localhost:3575/session/cc8ab793853357cbc7594a6889f031c2/element {"using": "xpath", "value": "//div[@class=\"sc-1xf18x6-0 sc-1twd32i-0 eAciso kKpYwv\"]/parent::div"}
17:12:05 - C:\Users\24694\AppData\Local\Programs\Python\Python310\lib\site-packages\urllib3\connectionpool.py[line:456] - DEBUG: http://localhost:3575 "POST /session/cc8ab793853357cbc7594a6889f031c2/element HTTP/1.1" 200 88
17:12:05 - C:\Users\24694\AppData\Local\Programs\Python\Python310\lib\site-packages\selenium\webdriver\remote\remote_connection.py[line:380] - DEBUG: Remote response: status=200 | data={"value":{"element-6066-11e4-a52e-4f735466cecf":"923dc49c-e7a6-4e76-9b92-a41798fb4b4f"}} | headers=HTTPHeaderDict({'Content-Length': '88', 'Content-Type': 'application/json; charset=utf-8', 'cache-control': 'no-cache'})
17:12:05 - C:\Users\24694\AppData\Local\Programs\Python\Python310\lib\site-packages\selenium\webdriver\remote\remote_connection.py[line:409] - DEBUG: Finished Request
17:12:05 - C:\Users\24694\AppData\Local\Programs\Python\Python310\lib\site-packages\selenium\webdriver\remote\remote_connection.py[line:358] - DEBUG: GET http://localhost:3575/session/cc8ab793853357cbc7594a6889f031c2/element/923dc49c-e7a6-4e76-9b92-a41798fb4b4f/text {"id": "923dc49c-e7a6-4e76-9b92-a41798fb4b4f"}
17:12:05 - C:\Users\24694\AppData\Local\Programs\Python\Python310\lib\site-packages\urllib3\connectionpool.py[line:456] - DEBUG: http://localhost:3575 "GET /session/cc8ab793853357cbc7594a6889f031c2/element/923dc49c-e7a6-4e76-9b92-a41798fb4b4f/text HTTP/1.1" 200 75
17:12:05 - C:\Users\24694\AppData\Local\Programs\Python\Python310\lib\site-packages\selenium\webdriver\remote\remote_connection.py[line:380] - DEBUG: Remote response: status=200 | data={"value":"We've queued this item for an update! Check back in a minute..."} | headers=HTTPHeaderDict({'Content-Length': '75', 'Content-Type': 'application/json; charset=utf-8', 'cache-control': 'no-cache'})
17:12:05 - C:\Users\24694\AppData\Local\Programs\Python\Python310\lib\site-packages\selenium\webdriver\remote\remote_connection.py[line:409] - DEBUG: Finished Request
17:12:05 - C:\Users\24694\AppData\Local\Programs\Python\Python310\lib\site-packages\selenium\webdriver\remote\remote_connection.py[line:358] - DEBUG: DELETE http://localhost:3575/session/cc8ab793853357cbc7594a6889f031c2 {}
17:12:05 - C:\Users\24694\AppData\Local\Programs\Python\Python310\lib\site-packages\urllib3\connectionpool.py[line:456] - DEBUG: http://localhost:3575 "DELETE /session/cc8ab793853357cbc7594a6889f031c2 HTTP/1.1" 200 14
17:12:05 - C:\Users\24694\AppData\Local\Programs\Python\Python310\lib\site-packages\selenium\webdriver\remote\remote_connection.py[line:380] - DEBUG: Remote response: status=200 | data={"value":null} | headers=HTTPHeaderDict({'Content-Length': '14', 'Content-Type': 'application/json; charset=utf-8', 'cache-control': 'no-cache'})
17:12:05 - C:\Users\24694\AppData\Local\Programs\Python\Python310\lib\site-packages\selenium\webdriver\remote\remote_connection.py[line:409] - DEBUG: Finished Request
